This is pdfTeX, Version 3.141592653-2.6-1.40.29 (MiKTeX 26.2) (preloaded format=pdflatex 2026.4.22)  23 APR 2026 21:56
entering extended mode
 restricted \write18 enabled.
 file:line:error style messages enabled.
 %&-line parsing enabled.
**"d:/codes/ML/image_to_ngspice/for_report/UG-III Project_Template final/Generated_Report/Project_Report.tex"
(d:/codes/ML/image_to_ngspice/for_report/UG-III Project_Template final/Generated_Report/Project_Report.tex
LaTeX2e <2025-11-01>
L3 programming layer <2026-03-20>
(C:\Users\ridham\AppData\Local\Programs\MiKTeX\tex/latex/base\report.cls
Document Class: report 2025/01/22 v1.4n Standard LaTeX document class
(C:\Users\ridham\AppData\Local\Programs\MiKTeX\tex/latex/base\size12.clo
File: size12.clo 2025/01/22 v1.4n Standard LaTeX file (size option)
)
\c@part=\count275
\c@chapter=\count276
\c@section=\count277
\c@subsection=\count278
\c@subsubsection=\count279
\c@paragraph=\count280
\c@subparagraph=\count281
\c@figure=\count282
\c@table=\count283
\abovecaptionskip=\skip49
\belowcaptionskip=\skip50
\bibindent=\dimen150
) (svniteced_project.sty (C:\Users\ridham\AppData\Local\Programs\MiKTeX\tex/latex/xcolor\xcolor.sty
Package: xcolor 2024/09/29 v3.02 LaTeX color extensions (UK)
 (C:\Users\ridham\AppData\Local\Programs\MiKTeX\tex/latex/graphics-cfg\color.cfg
File: color.cfg 2016/01/02 v1.6 sample color configuration
)
Package xcolor Info: Driver file: pdftex.def on input line 274.
 (C:\Users\ridham\AppData\Local\Programs\MiKTeX\tex/latex/graphics-def\pdftex.def
File: pdftex.def 2025/09/29 v1.2d Graphics/color driver for pdftex
) (C:\Users\ridham\AppData\Local\Programs\MiKTeX\tex/latex/graphics\mathcolor.ltx)
Package xcolor Info: Model `cmy' substituted by `cmy0' on input line 1349.
Package xcolor Info: Model `hsb' substituted by `rgb' on input line 1353.
Package xcolor Info: Model `RGB' extended on input line 1365.
Package xcolor Info: Model `HTML' substituted by `rgb' on input line 1367.
Package xcolor Info: Model `Hsb' substituted by `hsb' on input line 1368.
Package xcolor Info: Model `tHsb' substituted by `hsb' on input line 1369.
Package xcolor Info: Model `HSB' substituted by `hsb' on input line 1370.
Package xcolor Info: Model `Gray' substituted by `gray' on input line 1371.
Package xcolor Info: Model `wave' substituted by `hsb' on input line 1372.
) (C:\Users\ridham\AppData\Local\Programs\MiKTeX\tex/latex/graphics\dvipsnam.def
File: dvipsnam.def 2016/06/17 v3.0m Driver-dependent file (DPC,SPQR)
)) (C:\Users\ridham\AppData\Local\Programs\MiKTeX\tex/latex/graphics\graphics.sty
Package: graphics 2024/08/06 v1.4g Standard LaTeX Graphics (DPC,SPQR)
 (C:\Users\ridham\AppData\Local\Programs\MiKTeX\tex/latex/graphics\trig.sty
Package: trig 2023/12/02 v1.11 sin cos tan (DPC)
) (C:\Users\ridham\AppData\Local\Programs\MiKTeX\tex/latex/graphics-cfg\graphics.cfg
File: graphics.cfg 2016/06/04 v1.11 sample graphics configuration
)
Package graphics Info: Driver file: pdftex.def on input line 106.
) (C:\Users\ridham\AppData\Local\Programs\MiKTeX\tex/latex/graphics\graphicx.sty
Package: graphicx 2024/12/31 v1.2e Enhanced LaTeX Graphics (DPC,SPQR)
 (C:\Users\ridham\AppData\Local\Programs\MiKTeX\tex/latex/graphics\keyval.sty
Package: keyval 2022/05/29 v1.15 key=value parser (DPC)
\KV@toks@=\toks17
)
\Gin@req@height=\dimen151
\Gin@req@width=\dimen152
) (C:\Users\ridham\AppData\Local\Programs\MiKTeX\tex/latex/epstopdf-pkg\epstopdf.sty
Package: epstopdf 2020-01-24 v2.11 Conversion with epstopdf on the fly (HO)
 (C:\Users\ridham\AppData\Local\Programs\MiKTeX\tex/generic/infwarerr\infwarerr.sty
Package: infwarerr 2019/12/03 v1.5 Providing info/warning/error messages (HO)
) (C:\Users\ridham\AppData\Local\Programs\MiKTeX\tex/latex/grfext\grfext.sty
Package: grfext 2019/12/03 v1.3 Manage graphics extensions (HO)
 (C:\Users\ridham\AppData\Local\Programs\MiKTeX\tex/generic/kvdefinekeys\kvdefinekeys.sty
Package: kvdefinekeys 2019-12-19 v1.6 Define keys (HO)
)) (C:\Users\ridham\AppData\Local\Programs\MiKTeX\tex/latex/kvoptions\kvoptions.sty
Package: kvoptions 2022-06-15 v3.15 Key value format for package options (HO)
 (C:\Users\ridham\AppData\Local\Programs\MiKTeX\tex/generic/ltxcmds\ltxcmds.sty
Package: ltxcmds 2023-12-04 v1.26 LaTeX kernel commands for general use (HO)
) (C:\Users\ridham\AppData\Local\Programs\MiKTeX\tex/latex/kvsetkeys\kvsetkeys.sty
Package: kvsetkeys 2022-10-05 v1.19 Key value parser (HO)
)) (C:\Users\ridham\AppData\Local\Programs\MiKTeX\tex/generic/pdftexcmds\pdftexcmds.sty
Package: pdftexcmds 2020-06-27 v0.33 Utility functions of pdfTeX for LuaTeX (HO)
 (C:\Users\ridham\AppData\Local\Programs\MiKTeX\tex/generic/iftex\iftex.sty
Package: iftex 2024/12/12 v1.0g TeX engine tests
)
Package pdftexcmds Info: \pdf@primitive is available.
Package pdftexcmds Info: \pdf@ifprimitive is available.
Package pdftexcmds Info: \pdfdraftmode found.
) (C:\Users\ridham\AppData\Local\Programs\MiKTeX\tex/latex/epstopdf-pkg\epstopdf-base.sty
Package: epstopdf-base 2020-01-24 v2.11 Base part for package epstopdf
Package epstopdf-base Info: Redefining graphics rule for `.eps' on input line 485.
Package grfext Info: Graphics extension search list:
(grfext)             [.pdf,.png,.jpg,.mps,.jpeg,.jbig2,.jb2,.PDF,.PNG,.JPG,.JPEG,.JBIG2,.JB2,.eps]
(grfext)             \AppendGraphicsExtensions on input line 504.
 (C:\Users\ridham\AppData\Local\Programs\MiKTeX\tex/latex/00miktex\epstopdf-sys.cfg
File: epstopdf-sys.cfg 2021/03/18 v2.0 Configuration of epstopdf for MiKTeX
))) (C:\Users\ridham\AppData\Local\Programs\MiKTeX\tex/latex/multirow\multirow.sty
Package: multirow 2024/11/12 v2.9 Span multiple rows of a table
\multirow@colwidth=\skip51
\multirow@cntb=\count284
\multirow@dima=\skip52
\bigstrutjot=\dimen153
) (C:\Users\ridham\AppData\Local\Programs\MiKTeX\tex/latex/subfigure\subfigure.sty
Package: subfigure 2002/07/30 v2.1.4 subfigure package
\subfigtopskip=\skip53
\subfigcapskip=\skip54
\subfigcaptopadj=\dimen154
\subfigbottomskip=\skip55
\subfigcapmargin=\dimen155
\subfiglabelskip=\skip56
\c@subfigure=\count285
\c@lofdepth=\count286
\c@subtable=\count287
\c@lotdepth=\count288

****************************************
* Local config file subfigure.cfg used *
****************************************
(C:\Users\ridham\AppData\Local\Programs\MiKTeX\tex/latex/subfigure\subfigure.cfg)
\subfig@top=\skip57
\subfig@bottom=\skip58
) (C:\Users\ridham\AppData\Local\Programs\MiKTeX\tex/latex/float\float.sty
Package: float 2001/11/08 v1.3d Float enhancements (AL)
\c@float@type=\count289
\float@exts=\toks18
\float@box=\box53
\@float@everytoks=\toks19
\@floatcapt=\box54
) (C:\Users\ridham\AppData\Local\Programs\MiKTeX\tex/latex/amsmath\amsmath.sty
Package: amsmath 2025/07/09 v2.17z AMS math features
\@mathmargin=\skip59

For additional information on amsmath, use the `?' option.
(C:\Users\ridham\AppData\Local\Programs\MiKTeX\tex/latex/amsmath\amstext.sty
Package: amstext 2024/11/17 v2.01 AMS text
 (C:\Users\ridham\AppData\Local\Programs\MiKTeX\tex/latex/amsmath\amsgen.sty
File: amsgen.sty 1999/11/30 v2.0 generic functions
\@emptytoks=\toks20
\ex@=\dimen156
)) (C:\Users\ridham\AppData\Local\Programs\MiKTeX\tex/latex/amsmath\amsbsy.sty
Package: amsbsy 1999/11/29 v1.2d Bold Symbols
\pmbraise@=\dimen157
) (C:\Users\ridham\AppData\Local\Programs\MiKTeX\tex/latex/amsmath\amsopn.sty
Package: amsopn 2022/04/08 v2.04 operator names
)
\inf@bad=\count290
LaTeX Info: Redefining \frac on input line 233.
\uproot@=\count291
\leftroot@=\count292
LaTeX Info: Redefining \overline on input line 398.
LaTeX Info: Redefining \colon on input line 409.
\classnum@=\count293
\DOTSCASE@=\count294
LaTeX Info: Redefining \ldots on input line 495.
LaTeX Info: Redefining \dots on input line 498.
LaTeX Info: Redefining \cdots on input line 619.
\Mathstrutbox@=\box55
\strutbox@=\box56
LaTeX Info: Redefining \big on input line 721.
LaTeX Info: Redefining \Big on input line 722.
LaTeX Info: Redefining \bigg on input line 723.
LaTeX Info: Redefining \Bigg on input line 724.
\big@size=\dimen158
LaTeX Font Info:    Redeclaring font encoding OML on input line 742.
LaTeX Font Info:    Redeclaring font encoding OMS on input line 743.
\macc@depth=\count295
LaTeX Info: Redefining \bmod on input line 904.
LaTeX Info: Redefining \pmod on input line 909.
LaTeX Info: Redefining \smash on input line 939.
LaTeX Info: Redefining \relbar on input line 969.
LaTeX Info: Redefining \Relbar on input line 970.
\c@MaxMatrixCols=\count296
\dotsspace@=\muskip17
\c@parentequation=\count297
\dspbrk@lvl=\count298
\tag@help=\toks21
\row@=\count299
\column@=\count300
\maxfields@=\count301
\andhelp@=\toks22
\eqnshift@=\dimen159
\alignsep@=\dimen160
\tagshift@=\dimen161
\tagwidth@=\dimen162
\totwidth@=\dimen163
\lineht@=\dimen164
\@envbody=\toks23
\multlinegap=\skip60
\multlinetaggap=\skip61
\mathdisplay@stack=\toks24
LaTeX Info: Redefining \[ on input line 2950.
LaTeX Info: Redefining \] on input line 2951.
) (C:\Users\ridham\AppData\Local\Programs\MiKTeX\tex/latex/tools\array.sty
Package: array 2025/09/25 v2.6n Tabular extension package (FMi)
\col@sep=\dimen165
\ar@mcellbox=\box57
\extrarowheight=\dimen166
\NC@list=\toks25
\extratabsurround=\skip62
\backup@length=\skip63
\ar@cellbox=\box58
) (C:\Users\ridham\AppData\Local\Programs\MiKTeX\tex/latex/algorithms\algorithm.sty
Package: algorithm 2009/08/24 v0.1 Document Style `algorithm' - floating environment
 (C:\Users\ridham\AppData\Local\Programs\MiKTeX\tex/latex/base\ifthen.sty
Package: ifthen 2024/03/16 v1.1e Standard LaTeX ifthen package (DPC)
)
\@float@every@algorithm=\toks26
\c@algorithm=\count302
) (C:\Users\ridham\AppData\Local\Programs\MiKTeX\tex/latex/algorithms\algorithmic.sty
Package: algorithmic 2009/08/24 v0.1 Document Style `algorithmic'
\c@ALC@unique=\count303
\c@ALC@line=\count304
\c@ALC@rem=\count305
\c@ALC@depth=\count306
\ALC@tlm=\skip64
\algorithmicindent=\skip65
) (C:\Users\ridham\AppData\Local\Programs\MiKTeX\tex/latex/tools\verbatim.sty
Package: verbatim 2024-01-22 v1.5x LaTeX2e package for verbatim enhancements
\every@verbatim=\toks27
\verbatim@line=\toks28
\verbatim@in@stream=\read2
) (C:\Users\ridham\AppData\Local\Programs\MiKTeX\tex/latex/psnfss\times.sty
Package: times 2020/03/25 PSNFSS-v9.3 (SPQR) 
) (C:\Users\ridham\AppData\Local\Programs\MiKTeX\tex/latex/fancyhdr\fancyhdr.sty
Package: fancyhdr 2025/02/07 v5.2 Extensive control of page headers and footers
\f@nch@headwidth=\skip66
\f@nch@offset@elh=\skip67
\f@nch@offset@erh=\skip68
\f@nch@offset@olh=\skip69
\f@nch@offset@orh=\skip70
\f@nch@offset@elf=\skip71
\f@nch@offset@erf=\skip72
\f@nch@offset@olf=\skip73
\f@nch@offset@orf=\skip74
\f@nch@height=\skip75
\f@nch@footalignment=\skip76
\f@nch@widthL=\skip77
\f@nch@widthC=\skip78
\f@nch@widthR=\skip79
\@temptokenb=\toks29
) (C:\Users\ridham\AppData\Local\Programs\MiKTeX\tex/latex/graphics\rotating.sty
Package: rotating 2025/01/14 v2.16e rotated objects in LaTeX
\c@r@tfl@t=\count307
\rotFPtop=\skip80
\rotFPbot=\skip81
\rot@float@box=\box59
\rot@mess@toks=\toks30
) (C:\Users\ridham\AppData\Local\Programs\MiKTeX\tex/latex/mdwtools\footnote.sty
Package: footnote 1997/01/28 1.13 Save footnotes around boxes
\fn@notes=\box60
\fn@width=\dimen167
) (C:\Users\ridham\AppData\Local\Programs\MiKTeX\tex/latex/morefloats\morefloats.sty
Package: morefloats 2025/01/28 v1.1a Raise limit of unprocessed floats (HMM)
Package morefloats Info: Maximum number of possible floats asked for: 36
(morefloats)             (i.e. 18 more floats).
(morefloats)             LaTeX might run out of memory before this
(morefloats)             (in which case it will notify you).
) (C:\Users\ridham\AppData\Local\Programs\MiKTeX\tex/latex/amsfonts\amsfonts.sty
Package: amsfonts 2013/01/14 v3.01 Basic AMSFonts support
\symAMSa=\mathgroup4
\symAMSb=\mathgroup5
LaTeX Font Info:    Redeclaring math symbol \hbar on input line 98.
LaTeX Font Info:    Overwriting math alphabet `\mathfrak' in version `bold'
(Font)                  U/euf/m/n --> U/euf/b/n on input line 106.
) (C:\Users\ridham\AppData\Local\Programs\MiKTeX\tex/latex/amsfonts\amssymb.sty
Package: amssymb 2013/01/14 v3.01 AMS font symbols
) (C:\Users\ridham\AppData\Local\Programs\MiKTeX\tex/latex/type1cm\type1cm.sty
Package: type1cm 2002/09/05 v0.04 BlueSky/Y&Y Type1 CM font definitions (DPC, patched RF)
) (C:\Users\ridham\AppData\Local\Programs\MiKTeX\tex/latex/eso-pic\eso-pic.sty
Package: eso-pic 2025/12/10 v3.0d eso-pic (RN)
\ESO@tempdima=\dimen168
\ESO@tempdimb=\dimen169
) (C:\Users\ridham\AppData\Local\Programs\MiKTeX\tex/latex/fancybox\fancybox.sty
Package: fancybox 2010/05/15 1.4

Style option: `fancybox' v1.4 <2010/05/15> (tvz)
\@fancybox=\box61
\shadowsize=\dimen170
\@Sbox=\box62
\do@VerbBox=\toks31
\the@fancyput=\toks32
\this@fancyput=\toks33
\EndVerbatimTokens=\toks34
\Verbatim@Outfile=\write3
\Verbatim@Infile=\read3
) (C:\Users\ridham\AppData\Local\Programs\MiKTeX\tex/latex/lipsum\lipsum.sty (C:\Users\ridham\AppData\Local\Programs\MiKTeX\tex/latex/l3packages/l3keys2e\l3keys2e.sty (C:\Users\ridham\AppData\Local\Programs\MiKTeX\tex/latex/l3kernel\expl3.sty
Package: expl3 2026-03-20 L3 programming layer (loader) 
 (C:\Users\ridham\AppData\Local\Programs\MiKTeX\tex/latex/l3backend\l3backend-pdftex.def
File: l3backend-pdftex.def 2026-02-18 L3 backend support: PDF output (pdfTeX)
\l__color_backend_stack_int=\count308
))
Package: l3keys2e 2025-10-09 LaTeX2e option processing using LaTeX3 keys
)
Package: lipsum 2021-09-20 v2.7 150 paragraphs of Lorem Ipsum dummy text
\g__lipsum_par_int=\count309
\l__lipsum_a_int=\count310
\l__lipsum_b_int=\count311
 (C:\Users\ridham\AppData\Local\Programs\MiKTeX\tex/latex/lipsum\lipsum.ltd.tex)) (C:\Users\ridham\AppData\Local\Programs\MiKTeX\tex/latex/geometry\geometry.sty
Package: geometry 2026/03/07 v6.0 Page Geometry
 (C:\Users\ridham\AppData\Local\Programs\MiKTeX\tex/generic/iftex\ifvtex.sty
Package: ifvtex 2019/10/25 v1.7 ifvtex legacy package. Use iftex instead.
)
\Gm@cnth=\count312
\Gm@cntv=\count313
\c@Gm@tempcnt=\count314
\Gm@bindingoffset=\dimen171
\Gm@wd@mp=\dimen172
\Gm@odd@mp=\dimen173
\Gm@even@mp=\dimen174
\Gm@layoutwidth=\dimen175
\Gm@layoutheight=\dimen176
\Gm@layouthoffset=\dimen177
\Gm@layoutvoffset=\dimen178
\Gm@dimlist=\toks35
 (C:\Users\ridham\AppData\Local\Programs\MiKTeX\tex/latex/geometry\geometry.cfg)) (C:\Users\ridham\AppData\Local\Programs\MiKTeX\tex/latex/base\makeidx.sty
Package: makeidx 2021/10/04 v1.0m Standard LaTeX package
) (C:\Users\ridham\AppData\Local\Programs\MiKTeX\tex/latex/caption\caption.sty
Package: caption 2023/08/05 v3.6o Customizing captions (AR)
 (C:\Users\ridham\AppData\Local\Programs\MiKTeX\tex/latex/caption\caption3.sty
Package: caption3 2023/07/31 v2.4d caption3 kernel (AR)
\caption@tempdima=\dimen179
\captionmargin=\dimen180
\caption@leftmargin=\dimen181
\caption@rightmargin=\dimen182
\caption@width=\dimen183
\caption@indent=\dimen184
\caption@parindent=\dimen185
\caption@hangindent=\dimen186
Package caption Info: Unknown document class (or package),
(caption)             standard defaults will be used.
Package caption Info: \@makecaption = \long macro:#1#2->\vskip \abovecaptionskip \sbox \@tempboxa {#1: #2}\ifdim \wd \@tempboxa >\hsize \sbox \@tempboxa {#1: #2}\begin {center} \ssp #1: \parbox [t]{5in}{#2} \end {center} \else \global \@minipagefalse \hb@xt@ \hsize {\hfil \box \@tempboxa \hfil }\fi \vskip \belowcaptionskip  on input line 1175.
)

Package caption Warning: Unknown document class (or package),
(caption)                standard defaults will be used.
See the caption package documentation for explanation.

\c@caption@flags=\count315
\c@continuedfloat=\count316
Package caption Info: float package is loaded.
Package caption Info: rotating package is loaded.
Package caption Info: subfigure package is loaded.
) (C:\Users\ridham\AppData\Local\Programs\MiKTeX\tex/latex/tools\afterpage.sty
Package: afterpage 2023/07/04 v1.08 After-Page Package (DPC)
\AP@output=\toks36
\AP@partial=\box63
\AP@footins=\box64
) (C:\Users\ridham\AppData\Local\Programs\MiKTeX\tex/latex/graphics\lscape.sty
Package: lscape 2020/05/28 v3.02 Landscape Pages (DPC)
) (C:\Users\ridham\AppData\Local\Programs\MiKTeX\tex/latex/tools\longtable.sty
Package: longtable 2025-10-13 v4.24 Multi-page Table package (DPC)
\LTleft=\skip82
\LTright=\skip83
\LTpre=\skip84
\LTpost=\skip85
\LTchunksize=\count317
\LTcapwidth=\dimen187
\LT@head=\box65
\LT@firsthead=\box66
\LT@foot=\box67
\LT@lastfoot=\box68
\LT@gbox=\box69
\LT@cols=\count318
\LT@rows=\count319
\c@LT@tables=\count320
\c@LT@chunks=\count321
\LT@p@ftn=\toks37
) (C:\Users\ridham\AppData\Local\Programs\MiKTeX\tex/latex/cite\cite.sty
LaTeX Info: Redefining \cite on input line 302.
LaTeX Info: Redefining \nocite on input line 332.
Package: cite 2015/02/27  v 5.5
) (C:\Users\ridham\AppData\Local\Programs\MiKTeX\tex/latex/hyperref\hyperref.sty
Package: hyperref 2026-01-29 v7.01p Hypertext links for LaTeX
 (C:\Users\ridham\AppData\Local\Programs\MiKTeX\tex/generic/pdfescape\pdfescape.sty
Package: pdfescape 2019/12/09 v1.15 Implements pdfTeX's escape features (HO)
) (C:\Users\ridham\AppData\Local\Programs\MiKTeX\tex/latex/hycolor\hycolor.sty
Package: hycolor 2020-01-27 v1.10 Color options for hyperref/bookmark (HO)
) (C:\Users\ridham\AppData\Local\Programs\MiKTeX\tex/latex/hyperref\nameref.sty
Package: nameref 2026-01-29 v2.58 Cross-referencing by name of section
 (C:\Users\ridham\AppData\Local\Programs\MiKTeX\tex/latex/refcount\refcount.sty
Package: refcount 2019/12/15 v3.6 Data extraction from label references (HO)
) (C:\Users\ridham\AppData\Local\Programs\MiKTeX\tex/generic/gettitlestring\gettitlestring.sty
Package: gettitlestring 2019/12/15 v1.6 Cleanup title references (HO)
)
\c@section@level=\count322
) (C:\Users\ridham\AppData\Local\Programs\MiKTeX\tex/latex/etoolbox\etoolbox.sty
Package: etoolbox 2025/10/02 v2.5m e-TeX tools for LaTeX (JAW)
\etb@tempcnta=\count323
) (C:\Users\ridham\AppData\Local\Programs\MiKTeX\tex/generic/stringenc\stringenc.sty
Package: stringenc 2019/11/29 v1.12 Convert strings between diff. encodings (HO)
)
\@linkdim=\dimen188
\Hy@linkcounter=\count324
\Hy@pagecounter=\count325
 (C:\Users\ridham\AppData\Local\Programs\MiKTeX\tex/latex/hyperref\pd1enc.def
File: pd1enc.def 2026-01-29 v7.01p Hyperref: PDFDocEncoding definition (HO)
Now handling font encoding PD1 ...
... no UTF-8 mapping file for font encoding PD1
) (C:\Users\ridham\AppData\Local\Programs\MiKTeX\tex/generic/intcalc\intcalc.sty
Package: intcalc 2019/12/15 v1.3 Expandable calculations with integers (HO)
)
\Hy@SavedSpaceFactor=\count326
 (C:\Users\ridham\AppData\Local\Programs\MiKTeX\tex/latex/hyperref\puenc.def
File: puenc.def 2026-01-29 v7.01p Hyperref: PDF Unicode definition (HO)
Now handling font encoding PU ...
... no UTF-8 mapping file for font encoding PU
)
Package hyperref Info: Option `colorlinks' set `true' on input line 4072.
Package hyperref Info: Hyper figures OFF on input line 4201.
Package hyperref Info: Link nesting OFF on input line 4206.
Package hyperref Info: Hyper index ON on input line 4209.
Package hyperref Info: Plain pages OFF on input line 4216.
Package hyperref Info: Backreferencing OFF on input line 4221.
Package hyperref Info: Implicit mode ON; LaTeX internals redefined.
Package hyperref Info: Bookmarks ON on input line 4468.
\c@Hy@tempcnt=\count327
 (C:\Users\ridham\AppData\Local\Programs\MiKTeX\tex/latex/url\url.sty
\Urlmuskip=\muskip18
Package: url 2013/09/16  ver 3.4  Verb mode for urls, etc.
)
LaTeX Info: Redefining \url on input line 4807.
\XeTeXLinkMargin=\dimen189
 (C:\Users\ridham\AppData\Local\Programs\MiKTeX\tex/generic/bitset\bitset.sty
Package: bitset 2019/12/09 v1.3 Handle bit-vector datatype (HO)
 (C:\Users\ridham\AppData\Local\Programs\MiKTeX\tex/generic/bigintcalc\bigintcalc.sty
Package: bigintcalc 2019/12/15 v1.5 Expandable calculations on big integers (HO)
))
\Fld@menulength=\count328
\Field@Width=\dimen190
\Fld@charsize=\dimen191
Package hyperref Info: Hyper figures OFF on input line 6084.
Package hyperref Info: Link nesting OFF on input line 6089.
Package hyperref Info: Hyper index ON on input line 6092.
Package hyperref Info: backreferencing OFF on input line 6099.
Package hyperref Info: Link coloring ON on input line 6102.
Package hyperref Info: Link coloring with OCG OFF on input line 6109.
Package hyperref Info: PDF/A mode OFF on input line 6114.
\Hy@abspage=\count329
\c@Item=\count330
\c@Hfootnote=\count331
)
Package hyperref Info: Driver (autodetected): hpdftex.
 (C:\Users\ridham\AppData\Local\Programs\MiKTeX\tex/latex/hyperref\hpdftex.def
File: hpdftex.def 2026-01-29 v7.01p Hyperref driver for pdfTeX
\Fld@listcount=\count332
\c@bookmark@seq@number=\count333
 (C:\Users\ridham\AppData\Local\Programs\MiKTeX\tex/latex/rerunfilecheck\rerunfilecheck.sty
Package: rerunfilecheck 2025-06-21 v1.11 Rerun checks for auxiliary files (HO)
 (C:\Users\ridham\AppData\Local\Programs\MiKTeX\tex/generic/uniquecounter\uniquecounter.sty
Package: uniquecounter 2019/12/15 v1.4 Provide unlimited unique counter (HO)
)
Package uniquecounter Info: New unique counter `rerunfilecheck' on input line 284.
)
\Hy@SectionHShift=\skip86
)
LaTeX Font Info:    Trying to load font information for OT1+ptm on input line 39.
 (C:\Users\ridham\AppData\Local\Programs\MiKTeX\tex/latex/psnfss\ot1ptm.fd
File: ot1ptm.fd 2001/06/04 font definitions for OT1/ptm.
) (Project_Report.aux (acknowl.aux) (abstract.aux) (abbreviations.aux) (null.aux) (Chapter1/chapter1.aux) (Chapter2/chapter2.aux) (Chapter3/chapter3.aux) (Chapter4/chapter4.aux) (Chapter5/chapter5.aux) (Chapter6/chapter6.aux) (Chapter7/chapter7.aux) (conclusion.aux))
\openout1 = `Project_Report.aux'.

LaTeX Font Info:    Checking defaults for OML/cmm/m/it on input line 39.
LaTeX Font Info:    ... okay on input line 39.
LaTeX Font Info:    Checking defaults for OMS/cmsy/m/n on input line 39.
LaTeX Font Info:    ... okay on input line 39.
LaTeX Font Info:    Checking defaults for OT1/cmr/m/n on input line 39.
LaTeX Font Info:    ... okay on input line 39.
LaTeX Font Info:    Checking defaults for T1/cmr/m/n on input line 39.
LaTeX Font Info:    ... okay on input line 39.
LaTeX Font Info:    Checking defaults for TS1/cmr/m/n on input line 39.
LaTeX Font Info:    ... okay on input line 39.
LaTeX Font Info:    Checking defaults for OMX/cmex/m/n on input line 39.
LaTeX Font Info:    ... okay on input line 39.
LaTeX Font Info:    Checking defaults for U/cmr/m/n on input line 39.
LaTeX Font Info:    ... okay on input line 39.
LaTeX Font Info:    Checking defaults for PD1/pdf/m/n on input line 39.
LaTeX Font Info:    ... okay on input line 39.
LaTeX Font Info:    Checking defaults for PU/pdf/m/n on input line 39.
LaTeX Font Info:    ... okay on input line 39.
 (C:\Users\ridham\AppData\Local\Programs\MiKTeX\tex/context/base/mkii\supp-pdf.mkii
[Loading MPS to PDF converter (version 2006.09.02).]
\scratchcounter=\count334
\scratchdimen=\dimen192
\scratchbox=\box70
\nofMPsegments=\count335
\nofMParguments=\count336
\everyMPshowfont=\toks38
\MPscratchCnt=\count337
\MPscratchDim=\dimen193
\MPnumerator=\count338
\makeMPintoPDFobject=\count339
\everyMPtoPDFconversion=\toks39
)
*geometry* driver: auto-detecting
*geometry* detected driver: pdftex
*geometry* verbose mode - [ preamble ] result:
* driver: pdftex
* paper: <default>
* layout: <same size as paper>
* layoutoffset:(h,v)=(0.0pt,0.0pt)
* modes: 
* h-part:(L,W,R)=(89.62709pt, 418.25368pt, 89.6271pt)
* v-part:(T,H,B)=(101.40665pt, 591.5302pt, 152.11pt)
* \paperwidth=597.50787pt
* \paperheight=845.04684pt
* \textwidth=418.25368pt
* \textheight=591.5302pt
* \oddsidemargin=17.3571pt
* \evensidemargin=17.3571pt
* \topmargin=-6.99832pt
* \headheight=18.06749pt
* \headsep=18.06749pt
* \topskip=12.0pt
* \footskip=36.135pt
* \marginparwidth=44.0pt
* \marginparsep=10.0pt
* \columnsep=10.0pt
* \skip\footins=10.8pt plus 4.0pt minus 2.0pt
* \hoffset=0.0pt
* \voffset=0.0pt
* \mag=1000
* \@twocolumnfalse
* \@twosidefalse
* \@mparswitchfalse
* \@reversemarginfalse
* (1in=72.27pt=25.4mm, 1cm=28.453pt)

Package caption Info: Begin \AtBeginDocument code.
Package caption Info: hyperref package is loaded.
Package caption Info: longtable package is loaded.
(C:\Users\ridham\AppData\Local\Programs\MiKTeX\tex/latex/caption\ltcaption.sty
Package: ltcaption 2021/01/08 v1.4c longtable captions (AR)
)
Package caption Info: End \AtBeginDocument code.
Package hyperref Info: Link coloring ON on input line 39.
 (Project_Report.out) (Project_Report.out)
\@outlinefile=\write4
\openout4 = `Project_Report.out'.

*geometry* verbose mode - [ newgeometry ] result:
* driver: pdftex
* paper: <default>
* layout: <same size as paper>
* layoutoffset:(h,v)=(0.0pt,0.0pt)
* hratio: 1:1
* modes: 
* h-part:(L,W,R)=(85.35826pt, 455.24411pt, 56.9055pt)
* v-part:(T,H,B)=(56.9055pt, 731.23584pt, 56.9055pt)
* \paperwidth=597.50787pt
* \paperheight=845.04684pt
* \textwidth=455.24411pt
* \textheight=731.23584pt
* \oddsidemargin=13.08827pt
* \evensidemargin=13.08827pt
* \topmargin=-51.49947pt
* \headheight=18.06749pt
* \headsep=18.06749pt
* \topskip=12.0pt
* \footskip=36.135pt
* \marginparwidth=44.0pt
* \marginparsep=10.0pt
* \columnsep=10.0pt
* \skip\footins=10.8pt plus 4.0pt minus 2.0pt
* \hoffset=0.0pt
* \voffset=0.0pt
* \mag=1000
* \@twocolumnfalse
* \@twosidefalse
* \@mparswitchfalse
* \@reversemarginfalse
* (1in=72.27pt=25.4mm, 1cm=28.453pt)

<svnit_logo.jpg, id=213, 80.4825pt x 70.956pt>
File: svnit_logo.jpg Graphic file (type jpg)
<use svnit_logo.jpg>
Package pdftex.def Info: svnit_logo.jpg  used on input line 61.
(pdftex.def)             Requested size: 80.48228pt x 70.9558pt.
 [1


{C:/Users/ridham/AppData/Local/MiKTeX/fonts/map/pdftex/pdftex.map}{C:/Users/ridham/AppData/Local/Programs/MiKTeX/fonts/enc/dvips/base/8r.enc} <./svnit_logo.jpg>]

Package fancyhdr Warning: \fancyhead's `E' option without twoside option is useless.
(fancyhdr)                Please consider using the `twoside' option on input line 61.

*geometry* verbose mode - [ newgeometry ] result:
* driver: pdftex
* paper: <default>
* layout: <same size as paper>
* layoutoffset:(h,v)=(0.0pt,0.0pt)
* hratio: 1:1
* modes: 
* h-part:(L,W,R)=(89.62709pt, 418.25368pt, 89.6271pt)
* v-part:(T,H,B)=(28.45274pt, 773.91498pt, 42.67912pt)
* \paperwidth=597.50787pt
* \paperheight=845.04684pt
* \textwidth=418.25368pt
* \textheight=773.91498pt
* \oddsidemargin=17.3571pt
* \evensidemargin=17.3571pt
* \topmargin=-79.95222pt
* \headheight=18.06749pt
* \headsep=18.06749pt
* \topskip=12.0pt
* \footskip=36.135pt
* \marginparwidth=44.0pt
* \marginparsep=10.0pt
* \columnsep=10.0pt
* \skip\footins=10.8pt plus 4.0pt minus 2.0pt
* \hoffset=0.0pt
* \voffset=0.0pt
* \mag=1000
* \@twocolumnfalse
* \@twosidefalse
* \@mparswitchfalse
* \@reversemarginfalse
* (1in=72.27pt=25.4mm, 1cm=28.453pt)

File: svnit_logo.jpg Graphic file (type jpg)
<use svnit_logo.jpg>
Package pdftex.def Info: svnit_logo.jpg  used on input line 63.
(pdftex.def)             Requested size: 80.48228pt x 70.9558pt.

Underfull \hbox (badness 10000) in paragraph at lines 63--63

 []


Overfull \hbox (29.96474pt too wide) in paragraph at lines 63--63
 [] 
 []

[2




]
\openout2 = `acknowl.aux'.

 (acknowl.tex) [3




]
\openout2 = `abstract.aux'.

 (abstract.tex
LaTeX Font Info:    Trying to load font information for OT1+pcr on input line 4.
 (C:\Users\ridham\AppData\Local\Programs\MiKTeX\tex/latex/psnfss\ot1pcr.fd
File: ot1pcr.fd 2001/06/04 font definitions for OT1/pcr.
)) [4





] (Project_Report.toc [5



])
\tf@toc=\write5
\openout5 = `Project_Report.toc'.

 [6] (Project_Report.lof
Overfull \hbox (2.9428pt too wide) in paragraph at lines 9--9
 [][] [][][]\OT1/ptm/m/n/12 The pin cal-i-bra-tion in-ter-face used to map math-e-mat-i-cal con-nec-tion nodes 
 []


Overfull \hbox (16.39493pt too wide) in paragraph at lines 17--17
 [][] [][][]\OT1/ptm/m/n/12 Precision-Recall curve of the YOLO model, achiev-ing an over-all mAP@0.5 
 []

)
\tf@lof=\write6
\openout6 = `Project_Report.lof'.

 [7

]
\openout2 = `abbreviations.aux'.

 (abbreviations.tex) [8



]
\openout2 = `null.aux'.

 (C:\Users\ridham\AppData\Local\Programs\MiKTeX\tex/generic/knuth-lib\null.tex)
\openout2 = `Chapter1/chapter1.aux'.

 (Chapter1/chapter1.tex
Chapter 1.
[1








]
Overfull \hbox (7.29828pt too wide) in paragraph at lines 19--20
[]\OT1/ptm/b/n/12 Object De-tec-tion: \OT1/ptm/m/n/12 To train and de-ploy a Con-vo-lu-tional Neu-ral Net-work (YOLOv8)
 []


Overfull \hbox (21.99686pt too wide) in paragraph at lines 21--22
[]\OT1/ptm/b/n/12 Interactive GUI De-vel-op-ment: \OT1/ptm/m/n/12 To en-gi-neer a cus-tom desk-top en-vi-ron-ment (``PySpice
 []

[2]
LaTeX Font Info:    Trying to load font information for TS1+ptm on input line 31.
 (C:\Users\ridham\AppData\Local\Programs\MiKTeX\tex/latex/psnfss\ts1ptm.fd
File: ts1ptm.fd 2001/06/04 font definitions for TS1/ptm.
)) [3]
\openout2 = `Chapter2/chapter2.aux'.

 (Chapter2/chapter2.tex
Chapter 2.
<images/sample_from_dataset.jpg, id=368, 4047.12pt x 3035.34pt>
File: images/sample_from_dataset.jpg Graphic file (type jpg)
<use images/sample_from_dataset.jpg>
Package pdftex.def Info: images/sample_from_dataset.jpg  used on input line 18.
(pdftex.def)             Requested size: 292.77629pt x 219.58177pt.
[4




]
Overfull \hbox (2.57013pt too wide) in paragraph at lines 32--33
\OT1/ptm/m/n/12 To un-der-stand how soft-ware pro-gram-mat-i-cally gen-er-ates cir-cuit di-a-grams, we re-searched
 []


Overfull \hbox (190.85156pt too wide) in paragraph at lines 32--33
\OT1/ptm/m/n/12 draw highly pro-fes-sional schemat-ics by writ-ing Python code (e.g., \OT1/pcr/m/n/12 d += elm.Resistor().right().label('10k')\OT1/ptm/m/n/12 ). 
 []

[5 <./images/sample_from_dataset.jpg>]
<images/schemdraw_example.png, id=379, 621.07031pt x 344.78813pt>
File: images/schemdraw_example.png Graphic file (type png)
<use images/schemdraw_example.png>
Package pdftex.def Info: images/schemdraw_example.png  used on input line 38.
(pdftex.def)             Requested size: 334.60422pt x 185.75667pt.

Overfull \hbox (40.56952pt too wide) in paragraph at lines 46--48
[]\OT1/ptm/m/n/12 A stan-dard NGSPICE netlist en-try fol-lows a strict syn-tac-ti-cal for-mat: \OT1/pcr/m/n/12 [Component[]Name]
 []

[6 <./images/schemdraw_example.png>]
Overfull \hbox (18.5807pt too wide) in paragraph at lines 49--49
[]\OT1/ptm/b/n/17.28 Finding the per-fect im-age pro-cess-ing model (YOLOv8) 
 []

) [7]
\openout2 = `Chapter3/chapter3.aux'.

 (Chapter3/chapter3.tex
Chapter 3.

Overfull \hbox (6.1746pt too wide) in paragraph at lines 11--11
[]\OT1/ptm/b/n/17.28 What is YOLOv8 and how it works (Back-bone, Neck,
 []

[8




]
Overfull \hbox (1.10864pt too wide) in paragraph at lines 27--27
[]\OT1/ptm/b/n/17.28 The math-e-mat-ics be-hind YOLO (IoU and Loss func-
 []

[9] [10]) [11]
\openout2 = `Chapter4/chapter4.aux'.

 (Chapter4/chapter4.tex
Chapter 4.

Overfull \hbox (4.29056pt too wide) in paragraph at lines 6--6
[]\OT1/ptm/b/n/17.28 Domain-Specific Fine-Tuning for 19 Elec-tronic Com-
 []

[12




]
Overfull \hbox (15.35097pt too wide) in paragraph at lines 26--27
\OT1/ptm/m/n/12 Upon com-ple-tion of the train-ing phase, the op-ti-mized weights were ex-ported as a \OT1/pcr/m/n/12 best.pt
 []


Overfull \hbox (0.45833pt too wide) in paragraph at lines 29--30
\OT1/ptm/m/n/12 The most crit-i-cal in-te-gra-tion point of the project oc-curs when the Deep Learn-ing pipeline
 []

[13]) [14]
\openout2 = `Chapter5/chapter5.aux'.

 (Chapter5/chapter5.tex
Chapter 5.

Overfull \hbox (33.9258pt too wide) in paragraph at lines 11--12
[]\OT1/ptm/b/n/12 Dynamic Tool-bar: \OT1/ptm/m/n/12 Lo-cated at the top, it parses the com-po-nent database (\OT1/pcr/m/n/12 library.py\OT1/ptm/m/n/12 )
 []

<images/editor.png, id=429, 1444.64719pt x 765.6103pt>
File: images/editor.png Graphic file (type png)
<use images/editor.png>
Package pdftex.def Info: images/editor.png  used on input line 18.
(pdftex.def)             Requested size: 418.25368pt x 221.65915pt.
[15




]
Overfull \hbox (0.73424pt too wide) in paragraph at lines 30--31
[]\OT1/ptm/b/n/12 Image Caching: \OT1/ptm/m/n/12 To main-tain a high frame rate dur-ing pan-ning, com-po-nent graph-
 []

[16 <./images/editor.png>]
<images/pin_calibration.png, id=443, 843.15pt x 679.78969pt>
File: images/pin_calibration.png Graphic file (type png)
<use images/pin_calibration.png>
Package pdftex.def Info: images/pin_calibration.png  used on input line 45.
(pdftex.def)             Requested size: 334.60422pt x 269.77426pt.
 [17] [18 <./images/pin_calibration.png>]
Overfull \hbox (13.70662pt too wide) in paragraph at lines 61--61
[]\OT1/ptm/b/n/17.28 Executing NGSPICE bi-nary sim-u-la-tions di-rectly from
 []

<images/transient_rectifier.png, id=457, 1444.64719pt x 764.8575pt>
File: images/transient_rectifier.png Graphic file (type png)
<use images/transient_rectifier.png>
Package pdftex.def Info: images/transient_rectifier.png  used on input line 75.
(pdftex.def)             Requested size: 418.25368pt x 221.4412pt.
[19]
<images/AC_HPF.png, id=466, 1444.64719pt x 736.25063pt>
File: images/AC_HPF.png Graphic file (type png)
<use images/AC_HPF.png>
Package pdftex.def Info: images/AC_HPF.png  used on input line 82.
(pdftex.def)             Requested size: 418.25368pt x 213.15895pt.
) [20 <./images/transient_rectifier.png> <./images/AC_HPF.png>]
\openout2 = `Chapter6/chapter6.aux'.

 (Chapter6/chapter6.tex
Chapter 6.
<C171_D1_P1/C171_D1_P1.jpeg, id=473, 1606.0pt x 994.71625pt>
File: C171_D1_P1/C171_D1_P1.jpeg Graphic file (type jpg)
<use C171_D1_P1/C171_D1_P1.jpeg>
Package pdftex.def Info: C171_D1_P1/C171_D1_P1.jpeg  used on input line 8.
(pdftex.def)             Requested size: 418.25368pt x 259.0451pt.

Overfull \hbox (0.25128pt too wide) in paragraph at lines 13--14
[]\OT1/ptm/m/n/12 The fea-si-bil-ity of au-to-mated cir-cuit dig-i-ti-za-tion has proven suc-cess-ful. The YOLOv8
 []

<C171_D1_P1/3_feature_extraction.png, id=476, 715.473pt x 168.63pt>
File: C171_D1_P1/3_feature_extraction.png Graphic file (type png)
<use C171_D1_P1/3_feature_extraction.png>
Package pdftex.def Info: C171_D1_P1/3_feature_extraction.png  used on input line 17.
(pdftex.def)             Requested size: 418.25368pt x 98.57738pt.
[21




 <./C171_D1_P1/C171_D1_P1.jpeg>]
<C171_D1_P1/0_yolo_heatmap.png, id=481, 3212.0pt x 994.71625pt>
File: C171_D1_P1/0_yolo_heatmap.png Graphic file (type png)
<use C171_D1_P1/0_yolo_heatmap.png>
Package pdftex.def Info: C171_D1_P1/0_yolo_heatmap.png  used on input line 24.
(pdftex.def)             Requested size: 418.25368pt x 129.51497pt.

Overfull \hbox (14.55476pt too wide) in paragraph at lines 29--29
[]\OT1/ptm/b/n/17.28 Evaluation met-rics (Pre-ci-sion, Re-call, F1-Score, mAP) 
 []

[22 <./C171_D1_P1/3_feature_extraction.png> <./C171_D1_P1/0_yolo_heatmap.png (PNG copy)>]
<images/confusion_matrix_normalized.png, id=487, 867.24pt x 650.43pt>
File: images/confusion_matrix_normalized.png Graphic file (type png)
<use images/confusion_matrix_normalized.png>
Package pdftex.def Info: images/confusion_matrix_normalized.png  used on input line 49.
(pdftex.def)             Requested size: 418.25368pt x 313.69156pt.
 [23] [24 <./images/confusion_matrix_normalized.png>]
<images/BoxPR_curve.png, id=499, 650.43pt x 433.62pt>
File: images/BoxPR_curve.png Graphic file (type png)
<use images/BoxPR_curve.png>
Package pdftex.def Info: images/BoxPR_curve.png  used on input line 66.
(pdftex.def)             Requested size: 292.77629pt x 195.18674pt.
 [25 <./images/BoxPR_curve.png>]
<C171_D1_P1/canvas_confirmation.png, id=507, 1443.14156pt x 760.34062pt>
File: C171_D1_P1/canvas_confirmation.png Graphic file (type png)
<use C171_D1_P1/canvas_confirmation.png>
Package pdftex.def Info: C171_D1_P1/canvas_confirmation.png  used on input line 82.
(pdftex.def)             Requested size: 334.60422pt x 176.29008pt.
<C171_D1_P1/canvas_output.png, id=509, 1444.64719pt x 767.86874pt>
File: C171_D1_P1/canvas_output.png Graphic file (type png)
<use C171_D1_P1/canvas_output.png>
Package pdftex.def Info: C171_D1_P1/canvas_output.png  used on input line 91.
(pdftex.def)             Requested size: 418.25368pt x 222.313pt.
 [26 <./C171_D1_P1/canvas_confirmation.png>]) [27 <./C171_D1_P1/canvas_output.png>]
\openout2 = `Chapter7/chapter7.aux'.

 (Chapter7/chapter7.tex
Chapter 7.
[28




]) [29]
\openout2 = `conclusion.aux'.

 (conclusion.tex) [30




] (Project_Report.bbl [31




]) [32] (Project_Report.aux (acknowl.aux) (abstract.aux) (abbreviations.aux) (null.aux) (Chapter1/chapter1.aux) (Chapter2/chapter2.aux) (Chapter3/chapter3.aux) (Chapter4/chapter4.aux) (Chapter5/chapter5.aux) (Chapter6/chapter6.aux) (Chapter7/chapter7.aux) (conclusion.aux))
 ***********
LaTeX2e <2025-11-01>
L3 programming layer <2026-03-20>
 ***********
Package rerunfilecheck Info: File `Project_Report.out' has not changed.
(rerunfilecheck)             Checksum: 6F3C6AD940759E4F93112E834C28E59E;11998.
 ) 
Here is how much of TeX's memory you used:
 15227 strings out of 467691
 255857 string characters out of 5414503
 759355 words of memory out of 5000000
 43794 multiletter control sequences out of 15000+600000
 653686 words of font info for 101 fonts, out of 8000000 for 9000
 1141 hyphenation exceptions out of 8191
 73i,9n,98p,1677b,606s stack positions out of 10000i,1000n,20000p,200000b,200000s
<C:/Users/ridham/AppData/Local/Programs/MiKTeX/fonts/type1/public/amsfonts/cm/cmbx10.pfb><C:/Users/ridham/AppData/Local/Programs/MiKTeX/fonts/type1/public/amsfonts/cm/cmbx12.pfb><C:/Users/ridham/AppData/Local/Programs/MiKTeX/fonts/type1/public/amsfonts/cm/cmmi12.pfb><C:/Users/ridham/AppData/Local/Programs/MiKTeX/fonts/type1/public/amsfonts/cm/cmmi8.pfb><C:/Users/ridham/AppData/Local/Programs/MiKTeX/fonts/type1/public/amsfonts/cm/cmr12.pfb><C:/Users/ridham/AppData/Local/Programs/MiKTeX/fonts/type1/public/amsfonts/cm/cmsy10.pfb><C:/Users/ridham/AppData/Local/Programs/MiKTeX/fonts/type1/urw/courier/ucrb8a.pfb><C:/Users/ridham/AppData/Local/Programs/MiKTeX/fonts/type1/urw/courier/ucrr8a.pfb><C:/Users/ridham/AppData/Local/Programs/MiKTeX/fonts/type1/urw/times/utmb8a.pfb><C:/Users/ridham/AppData/Local/Programs/MiKTeX/fonts/type1/urw/times/utmr8a.pfb><C:/Users/ridham/AppData/Local/Programs/MiKTeX/fonts/type1/urw/times/utmri8a.pfb>
Output written on Project_Report.pdf (40 pages, 7561416 bytes).
PDF statistics:
 660 PDF objects out of 1000 (max. 8388607)
 141 named destinations out of 1000 (max. 500000)
 501 words of extra memory for PDF output out of 10000 (max. 10000000)

